1 error(s) occurred:

* apply operation: Real and shadow states do not match! Real state:

<no state>
Outputs:

kafka_private_ip = 10.0.1.50
kafka_public_dns = ec2-54-166-160-85.compute-1.amazonaws.com
kafka_public_ip = 54.166.160.85
kafka_user = ubuntu

module.kafka:
  <no state>
  Outputs:

  private_ip = 10.0.1.50
  public_dns = ec2-54-166-160-85.compute-1.amazonaws.com
  public_ip = 54.166.160.85
  user = ubuntu

Shadow state:

<no state>
Outputs:

kafka_user = ubuntu

module.kafka:
  <no state>
  Outputs:

  user = ubuntu

